<?xml version="1.0" encoding="UTF-8"?>
<!-- Generated by org.testng.reporters.JUnitReportReporter -->
<testsuite hostname="DESKTOP-RFGG51U" failures="0" tests="1" name="testcase.Dummy" time="14.591" errors="0" timestamp="2023-11-22T20:47:32 IST" skipped="0">
  <testcase classname="testcase.Dummy" name="test" time="14.591"/>
</testsuite> <!-- testcase.Dummy -->
