<?xml version="1.0" encoding="UTF-8"?>
<!-- Generated by org.testng.reporters.JUnitReportReporter -->
<testsuite hostname="DESKTOP-RFGG51U" failures="0" tests="1" name="testcase.TC001_RegisterTest" time="17.543" errors="0" timestamp="2023-11-22T20:59:59 IST" skipped="0">
  <testcase classname="testcase.TC001_RegisterTest" name="registerTest" time="17.543"/>
</testsuite> <!-- testcase.TC001_RegisterTest -->
