<?xml version="1.0" encoding="UTF-8"?>
<!-- Generated by org.testng.reporters.JUnitReportReporter -->
<testsuite hostname="DESKTOP-RFGG51U" failures="0" tests="1" name="testcase.TC001_RegisterTest" time="27.887" errors="0" timestamp="2023-11-10T12:06:45 IST" skipped="0">
  <testcase classname="testcase.TC001_RegisterTest" name="registerTest" time="27.887"/>
</testsuite> <!-- testcase.TC001_RegisterTest -->
