<?xml version="1.0" encoding="UTF-8"?>
<!-- Generated by org.testng.reporters.JUnitReportReporter -->
<testsuite hostname="DESKTOP-RFGG51U" failures="0" tests="1" name="testcase.TC001_RegisterTest" time="14.912" errors="0" timestamp="2023-11-09T23:17:34 IST" skipped="0">
  <testcase classname="testcase.TC001_RegisterTest" name="registerTest" time="14.912"/>
</testsuite> <!-- testcase.TC001_RegisterTest -->
